<?xml version="1.0" encoding="UTF-8"?>
<!-- Generated by org.testng.reporters.JUnitXMLReporter -->
<testsuite hostname="DESKTOP-GAEG9SK" ignored="0" name="RetryTest" tests="6" failures="1" timestamp="31 Mar 2021 04:06:36 GMT" time="31.957" errors="0">
  <testcase name="T1_SearchWord" time="0.893" classname="BasicGoogleTest.GoogleWord_Test"/>
  <testcase name="T2_ClickOnWikiLink" time="5.408" classname="BasicGoogleTest.GoogleWord_Test"/>
  <testcase name="T3_VerifyTextOnPage" time="0.007" classname="BasicGoogleTest.GoogleWord_Test">
    <skipped/>
  </testcase> <!-- T3_VerifyTextOnPage -->
  <testcase name="T3_VerifyTextOnPage" time="0.011" classname="BasicGoogleTest.GoogleWord_Test">
    <skipped/>
  </testcase> <!-- T3_VerifyTextOnPage -->
  <testcase name="T3_VerifyTextOnPage" time="0.007" classname="BasicGoogleTest.GoogleWord_Test">
    <skipped/>
  </testcase> <!-- T3_VerifyTextOnPage -->
  <testcase name="T3_VerifyTextOnPage" time="0.003" classname="BasicGoogleTest.GoogleWord_Test">
    <failure type="java.lang.AssertionError" message="expected [false] but found [true]">
      <![CDATA[java.lang.AssertionError: expected [false] but found [true]
	at BasicGoogleTest.GoogleWord_Test.T3_VerifyTextOnPage(GoogleWord_Test.java:66)
... Removed 31 stack frames]]>
    </failure>
  </testcase> <!-- T3_VerifyTextOnPage -->
</testsuite> <!-- RetryTest -->
