<?xml version="1.0" encoding="UTF-8"?>
<testng-results skipped="3" failed="2" total="16" passed="11">
  <reporter-output>
  </reporter-output>
  <suite name="ShakeDownSuite" duration-ms="477134" started-at="2021-02-17T12:12:17Z" finished-at="2021-02-17T12:20:14Z">
    <groups>
    </groups>
    <test name="ShakeDownTest" duration-ms="477134" started-at="2021-02-17T12:12:17Z" finished-at="2021-02-17T12:20:14Z">
      <class name="shakeDown_US_main.Shakedown_CreateReq_AddResp_Test">
        <test-method status="PASS" signature="setup()[pri:0, instance:shakeDown_US_main.Shakedown_CreateReq_AddResp_Test@2acf57e3]" name="setup" is-config="true" duration-ms="21293" started-at="2021-02-17T17:42:17Z" finished-at="2021-02-17T17:42:38Z">
          <reporter-output>
          </reporter-output>
        </test-method> <!-- setup -->
        <test-method status="PASS" signature="RIPC_Login()[pri:0, instance:shakeDown_US_main.Shakedown_CreateReq_AddResp_Test@2acf57e3]" name="RIPC_Login" duration-ms="40468" started-at="2021-02-17T17:42:38Z" finished-at="2021-02-17T17:43:19Z">
          <reporter-output>
          </reporter-output>
        </test-method> <!-- RIPC_Login -->
        <test-method status="PASS" signature="Create_Req()[pri:1, instance:shakeDown_US_main.Shakedown_CreateReq_AddResp_Test@2acf57e3]" name="Create_Req" duration-ms="3985" started-at="2021-02-17T17:43:19Z" finished-at="2021-02-17T17:43:23Z">
          <reporter-output>
          </reporter-output>
        </test-method> <!-- Create_Req -->
        <test-method status="PASS" signature="skill_Req()[pri:2, instance:shakeDown_US_main.Shakedown_CreateReq_AddResp_Test@2acf57e3]" name="skill_Req" duration-ms="5936" started-at="2021-02-17T17:43:23Z" finished-at="2021-02-17T17:43:29Z">
          <reporter-output>
          </reporter-output>
        </test-method> <!-- skill_Req -->
        <test-method status="PASS" signature="select_Req()[pri:3, instance:shakeDown_US_main.Shakedown_CreateReq_AddResp_Test@2acf57e3]" name="select_Req" duration-ms="14297" started-at="2021-02-17T17:43:29Z" finished-at="2021-02-17T17:43:43Z">
          <reporter-output>
          </reporter-output>
        </test-method> <!-- select_Req -->
        <test-method status="PASS" signature="select_jrss()[pri:4, instance:shakeDown_US_main.Shakedown_CreateReq_AddResp_Test@2acf57e3]" name="select_jrss" duration-ms="6750" started-at="2021-02-17T17:43:43Z" finished-at="2021-02-17T17:43:50Z">
          <reporter-output>
          </reporter-output>
        </test-method> <!-- select_jrss -->
        <test-method status="PASS" signature="req_detail()[pri:5, instance:shakeDown_US_main.Shakedown_CreateReq_AddResp_Test@2acf57e3]" name="req_detail" duration-ms="18622" started-at="2021-02-17T17:43:50Z" finished-at="2021-02-17T17:44:08Z">
          <reporter-output>
          </reporter-output>
        </test-method> <!-- req_detail -->
        <test-method status="PASS" signature="skill_loc()[pri:6, instance:shakeDown_US_main.Shakedown_CreateReq_AddResp_Test@2acf57e3]" name="skill_loc" duration-ms="9338" started-at="2021-02-17T17:44:08Z" finished-at="2021-02-17T17:44:18Z">
          <reporter-output>
          </reporter-output>
        </test-method> <!-- skill_loc -->
        <test-method status="PASS" signature="alert_check()[pri:7, instance:shakeDown_US_main.Shakedown_CreateReq_AddResp_Test@2acf57e3]" name="alert_check" duration-ms="38" started-at="2021-02-17T17:44:18Z" finished-at="2021-02-17T17:44:18Z">
          <reporter-output>
          </reporter-output>
        </test-method> <!-- alert_check -->
        <test-method status="PASS" signature="skill_price()[pri:8, instance:shakeDown_US_main.Shakedown_CreateReq_AddResp_Test@2acf57e3]" name="skill_price" duration-ms="11101" started-at="2021-02-17T17:44:18Z" finished-at="2021-02-17T17:44:29Z">
          <reporter-output>
          </reporter-output>
        </test-method> <!-- skill_price -->
        <test-method status="PASS" signature="supp()[pri:9, instance:shakeDown_US_main.Shakedown_CreateReq_AddResp_Test@2acf57e3]" name="supp" duration-ms="31779" started-at="2021-02-17T17:44:29Z" finished-at="2021-02-17T17:45:01Z">
          <reporter-output>
          </reporter-output>
        </test-method> <!-- supp -->
        <test-method status="PASS" signature="OpenNewGreen()[pri:10, instance:shakeDown_US_main.Shakedown_CreateReq_AddResp_Test@2acf57e3]" name="OpenNewGreen" duration-ms="14725" started-at="2021-02-17T17:45:01Z" finished-at="2021-02-17T17:45:15Z">
          <reporter-output>
          </reporter-output>
        </test-method> <!-- OpenNewGreen -->
        <test-method status="FAIL" signature="add_response()[pri:11, instance:shakeDown_US_main.Shakedown_CreateReq_AddResp_Test@2acf57e3]" name="add_response" duration-ms="93972" started-at="2021-02-17T17:45:15Z" finished-at="2021-02-17T17:46:49Z">
          <exception class="org.openqa.selenium.ElementClickInterceptedException">
            <message>
              <![CDATA[Element <span class="headerTitle"> is not clickable at point (980,682) because another element <div id="hj-survey-lbl-1" class="_hj-1X9Q4__styles__surveyTitle "> obscures it
Build info: version: '3.141.59', revision: 'e82be7d358', time: '2018-11-14T08:17:03'
System info: host: 'DESKTOP-GAEG9SK', ip: '9.81.206.66', os.name: 'Windows 10', os.arch: 'amd64', os.version: '10.0', java.version: '1.8.0_221'
Driver info: org.openqa.selenium.firefox.FirefoxDriver
Capabilities {acceptInsecureCerts: true, browserName: firefox, browserVersion: 72.0.2, javascriptEnabled: true, moz:accessibilityChecks: false, moz:buildID: 20200117190643, moz:geckodriverVersion: 0.26.0, moz:headless: true, moz:processID: 29320, moz:profile: C:\Users\SanjayKushwaha\App..., moz:shutdownTimeout: 60000, moz:useNonSpecCompliantPointerOrigin: false, moz:webdriverClick: true, pageLoadStrategy: normal, platform: WINDOWS, platformName: WINDOWS, platformVersion: 10.0, rotatable: false, setWindowRect: true, strictFileInteractability: false, timeouts: {implicit: 0, pageLoad: 300000, script: 30000}, unhandledPromptBehavior: dismiss and notify}
Session ID: 363536e9-65f3-4aa2-9ada-e1e7ae22ed11]]>
            </message>
            <full-stacktrace>
              <![CDATA[org.openqa.selenium.ElementClickInterceptedException: Element <span class="headerTitle"> is not clickable at point (980,682) because another element <div id="hj-survey-lbl-1" class="_hj-1X9Q4__styles__surveyTitle "> obscures it
Build info: version: '3.141.59', revision: 'e82be7d358', time: '2018-11-14T08:17:03'
System info: host: 'DESKTOP-GAEG9SK', ip: '9.81.206.66', os.name: 'Windows 10', os.arch: 'amd64', os.version: '10.0', java.version: '1.8.0_221'
Driver info: org.openqa.selenium.firefox.FirefoxDriver
Capabilities {acceptInsecureCerts: true, browserName: firefox, browserVersion: 72.0.2, javascriptEnabled: true, moz:accessibilityChecks: false, moz:buildID: 20200117190643, moz:geckodriverVersion: 0.26.0, moz:headless: true, moz:processID: 29320, moz:profile: C:\Users\SanjayKushwaha\App..., moz:shutdownTimeout: 60000, moz:useNonSpecCompliantPointerOrigin: false, moz:webdriverClick: true, pageLoadStrategy: normal, platform: WINDOWS, platformName: WINDOWS, platformVersion: 10.0, rotatable: false, setWindowRect: true, strictFileInteractability: false, timeouts: {implicit: 0, pageLoad: 300000, script: 30000}, unhandledPromptBehavior: dismiss and notify}
Session ID: 363536e9-65f3-4aa2-9ada-e1e7ae22ed11
	at sun.reflect.NativeConstructorAccessorImpl.newInstance0(Native Method)
	at sun.reflect.NativeConstructorAccessorImpl.newInstance(Unknown Source)
	at sun.reflect.DelegatingConstructorAccessorImpl.newInstance(Unknown Source)
	at java.lang.reflect.Constructor.newInstance(Unknown Source)
	at org.openqa.selenium.remote.http.W3CHttpResponseCodec.createException(W3CHttpResponseCodec.java:187)
	at org.openqa.selenium.remote.http.W3CHttpResponseCodec.decode(W3CHttpResponseCodec.java:122)
	at org.openqa.selenium.remote.http.W3CHttpResponseCodec.decode(W3CHttpResponseCodec.java:49)
	at org.openqa.selenium.remote.HttpCommandExecutor.execute(HttpCommandExecutor.java:158)
	at org.openqa.selenium.remote.service.DriverCommandExecutor.execute(DriverCommandExecutor.java:83)
	at org.openqa.selenium.remote.RemoteWebDriver.execute(RemoteWebDriver.java:552)
	at org.openqa.selenium.remote.RemoteWebElement.execute(RemoteWebElement.java:285)
	at org.openqa.selenium.remote.RemoteWebElement.click(RemoteWebElement.java:84)
	at sun.reflect.GeneratedMethodAccessor1.invoke(Unknown Source)
	at sun.reflect.DelegatingMethodAccessorImpl.invoke(Unknown Source)
	at java.lang.reflect.Method.invoke(Unknown Source)
	at org.openqa.selenium.support.pagefactory.internal.LocatingElementHandler.invoke(LocatingElementHandler.java:51)
	at com.sun.proxy.$Proxy7.click(Unknown Source)
	at shakeDown_US.Step02_AddResponse_US_NewApp.FillRespdetails(Step02_AddResponse_US_NewApp.java:278)
	at shakeDown_US_main.Shakedown_CreateReq_AddResp_Test.add_response(Shakedown_CreateReq_AddResp_Test.java:173)
	at sun.reflect.NativeMethodAccessorImpl.invoke0(Native Method)
	at sun.reflect.NativeMethodAccessorImpl.invoke(Unknown Source)
	at sun.reflect.DelegatingMethodAccessorImpl.invoke(Unknown Source)
	at java.lang.reflect.Method.invoke(Unknown Source)
	at org.testng.internal.MethodInvocationHelper.invokeMethod(MethodInvocationHelper.java:86)
	at org.testng.internal.Invoker.invokeMethod(Invoker.java:643)
	at org.testng.internal.Invoker.invokeTestMethod(Invoker.java:820)
	at org.testng.internal.Invoker.invokeTestMethods(Invoker.java:1128)
	at org.testng.internal.TestMethodWorker.invokeTestMethods(TestMethodWorker.java:129)
	at org.testng.internal.TestMethodWorker.run(TestMethodWorker.java:112)
	at org.testng.TestRunner.privateRun(TestRunner.java:782)
	at org.testng.TestRunner.run(TestRunner.java:632)
	at org.testng.SuiteRunner.runTest(SuiteRunner.java:366)
	at org.testng.SuiteRunner.access$000(SuiteRunner.java:39)
	at org.testng.SuiteRunner$SuiteWorker.run(SuiteRunner.java:400)
	at org.testng.internal.thread.ThreadUtil$2.call(ThreadUtil.java:64)
	at java.util.concurrent.FutureTask.run(Unknown Source)
	at java.util.concurrent.ThreadPoolExecutor.runWorker(Unknown Source)
	at java.util.concurrent.ThreadPoolExecutor$Worker.run(Unknown Source)
	at java.lang.Thread.run(Unknown Source)
]]>
            </full-stacktrace>
          </exception> <!-- org.openqa.selenium.ElementClickInterceptedException -->
          <reporter-output>
          </reporter-output>
        </test-method> <!-- add_response -->
        <test-method status="FAIL" signature="Reprice()[pri:15, instance:shakeDown_US_main.Shakedown_CreateReq_AddResp_Test@2acf57e3]" name="Reprice" duration-ms="204759" started-at="2021-02-17T17:46:49Z" finished-at="2021-02-17T17:50:14Z">
          <exception class="org.openqa.selenium.TimeoutException">
            <message>
              <![CDATA[Expected condition failed: waiting for visibility of Proxy element for: DefaultElementLocator 'By.xpath: //table[@class='custom-grid']/div[@class='ng-star-inserted']/tr[1]/td[2]/a' (tried for 160 second(s) with 500 milliseconds interval)]]>
            </message>
            <full-stacktrace>
              <![CDATA[org.openqa.selenium.TimeoutException: Expected condition failed: waiting for visibility of Proxy element for: DefaultElementLocator 'By.xpath: //table[@class='custom-grid']/div[@class='ng-star-inserted']/tr[1]/td[2]/a' (tried for 160 second(s) with 500 milliseconds interval)
	at org.openqa.selenium.support.ui.WebDriverWait.timeoutException(WebDriverWait.java:95)
	at org.openqa.selenium.support.ui.FluentWait.until(FluentWait.java:272)
	at shakeDown_US.Step02_AddResponse_US_NewApp.Reprice(Step02_AddResponse_US_NewApp.java:431)
	at shakeDown_US_main.Shakedown_CreateReq_AddResp_Test.Reprice(Shakedown_CreateReq_AddResp_Test.java:220)
	at sun.reflect.NativeMethodAccessorImpl.invoke0(Native Method)
	at sun.reflect.NativeMethodAccessorImpl.invoke(Unknown Source)
	at sun.reflect.DelegatingMethodAccessorImpl.invoke(Unknown Source)
	at java.lang.reflect.Method.invoke(Unknown Source)
	at org.testng.internal.MethodInvocationHelper.invokeMethod(MethodInvocationHelper.java:86)
	at org.testng.internal.Invoker.invokeMethod(Invoker.java:643)
	at org.testng.internal.Invoker.invokeTestMethod(Invoker.java:820)
	at org.testng.internal.Invoker.invokeTestMethods(Invoker.java:1128)
	at org.testng.internal.TestMethodWorker.invokeTestMethods(TestMethodWorker.java:129)
	at org.testng.internal.TestMethodWorker.run(TestMethodWorker.java:112)
	at org.testng.TestRunner.privateRun(TestRunner.java:782)
	at org.testng.TestRunner.run(TestRunner.java:632)
	at org.testng.SuiteRunner.runTest(SuiteRunner.java:366)
	at org.testng.SuiteRunner.access$000(SuiteRunner.java:39)
	at org.testng.SuiteRunner$SuiteWorker.run(SuiteRunner.java:400)
	at org.testng.internal.thread.ThreadUtil$2.call(ThreadUtil.java:64)
	at java.util.concurrent.FutureTask.run(Unknown Source)
	at java.util.concurrent.ThreadPoolExecutor.runWorker(Unknown Source)
	at java.util.concurrent.ThreadPoolExecutor$Worker.run(Unknown Source)
	at java.lang.Thread.run(Unknown Source)
Caused by: org.openqa.selenium.NoSuchElementException: Unable to locate element: //table[@class='custom-grid']/div[@class='ng-star-inserted']/tr[1]/td[2]/a
For documentation on this error, please visit: https://www.seleniumhq.org/exceptions/no_such_element.html
Build info: version: '3.141.59', revision: 'e82be7d358', time: '2018-11-14T08:17:03'
System info: host: 'DESKTOP-GAEG9SK', ip: '9.81.206.66', os.name: 'Windows 10', os.arch: 'amd64', os.version: '10.0', java.version: '1.8.0_221'
Driver info: org.openqa.selenium.firefox.FirefoxDriver
Capabilities {acceptInsecureCerts: true, browserName: firefox, browserVersion: 72.0.2, javascriptEnabled: true, moz:accessibilityChecks: false, moz:buildID: 20200117190643, moz:geckodriverVersion: 0.26.0, moz:headless: true, moz:processID: 29320, moz:profile: C:\Users\SanjayKushwaha\App..., moz:shutdownTimeout: 60000, moz:useNonSpecCompliantPointerOrigin: false, moz:webdriverClick: true, pageLoadStrategy: normal, platform: WINDOWS, platformName: WINDOWS, platformVersion: 10.0, rotatable: false, setWindowRect: true, strictFileInteractability: false, timeouts: {implicit: 0, pageLoad: 300000, script: 30000}, unhandledPromptBehavior: dismiss and notify}
Session ID: 363536e9-65f3-4aa2-9ada-e1e7ae22ed11
*** Element info: {Using=xpath, value=//table[@class='custom-grid']/div[@class='ng-star-inserted']/tr[1]/td[2]/a}
	at sun.reflect.NativeConstructorAccessorImpl.newInstance0(Native Method)
	at sun.reflect.NativeConstructorAccessorImpl.newInstance(Unknown Source)
	at sun.reflect.DelegatingConstructorAccessorImpl.newInstance(Unknown Source)
	at java.lang.reflect.Constructor.newInstance(Unknown Source)
	at org.openqa.selenium.remote.http.W3CHttpResponseCodec.createException(W3CHttpResponseCodec.java:187)
	at org.openqa.selenium.remote.http.W3CHttpResponseCodec.decode(W3CHttpResponseCodec.java:122)
	at org.openqa.selenium.remote.http.W3CHttpResponseCodec.decode(W3CHttpResponseCodec.java:49)
	at org.openqa.selenium.remote.HttpCommandExecutor.execute(HttpCommandExecutor.java:158)
	at org.openqa.selenium.remote.service.DriverCommandExecutor.execute(DriverCommandExecutor.java:83)
	at org.openqa.selenium.remote.RemoteWebDriver.execute(RemoteWebDriver.java:552)
	at org.openqa.selenium.remote.RemoteWebDriver.findElement(RemoteWebDriver.java:323)
	at org.openqa.selenium.remote.RemoteWebDriver.findElementByXPath(RemoteWebDriver.java:428)
	at org.openqa.selenium.By$ByXPath.findElement(By.java:353)
	at org.openqa.selenium.remote.RemoteWebDriver.findElement(RemoteWebDriver.java:315)
	at org.openqa.selenium.support.pagefactory.DefaultElementLocator.findElement(DefaultElementLocator.java:69)
	at org.openqa.selenium.support.pagefactory.internal.LocatingElementHandler.invoke(LocatingElementHandler.java:38)
	at com.sun.proxy.$Proxy7.isDisplayed(Unknown Source)
	at org.openqa.selenium.support.ui.ExpectedConditions.elementIfVisible(ExpectedConditions.java:314)
	at org.openqa.selenium.support.ui.ExpectedConditions.access$000(ExpectedConditions.java:43)
	at org.openqa.selenium.support.ui.ExpectedConditions$10.apply(ExpectedConditions.java:300)
	at org.openqa.selenium.support.ui.ExpectedConditions$10.apply(ExpectedConditions.java:297)
	at org.openqa.selenium.support.ui.FluentWait.until(FluentWait.java:249)
	... 22 more
]]>
            </full-stacktrace>
          </exception> <!-- org.openqa.selenium.TimeoutException -->
          <reporter-output>
          </reporter-output>
        </test-method> <!-- Reprice -->
        <test-method status="SKIP" signature="Withdraw()[pri:12, instance:shakeDown_US_main.Shakedown_CreateReq_AddResp_Test@2acf57e3]" name="Withdraw" duration-ms="0" started-at="2021-02-17T17:50:14Z" depends-on-methods="shakeDown_US_main.Shakedown_CreateReq_AddResp_Test.add_response" finished-at="2021-02-17T17:50:14Z">
          <exception class="java.lang.Throwable">
            <message>
              <![CDATA[Method Shakedown_CreateReq_AddResp_Test.Withdraw()[pri:12, instance:shakeDown_US_main.Shakedown_CreateReq_AddResp_Test@2acf57e3] depends on not successfully finished methods]]>
            </message>
            <full-stacktrace>
              <![CDATA[java.lang.Throwable: Method Shakedown_CreateReq_AddResp_Test.Withdraw()[pri:12, instance:shakeDown_US_main.Shakedown_CreateReq_AddResp_Test@2acf57e3] depends on not successfully finished methods
	at org.testng.internal.Invoker.invokeTestMethods(Invoker.java:1037)
	at org.testng.internal.TestMethodWorker.invokeTestMethods(TestMethodWorker.java:129)
	at org.testng.internal.TestMethodWorker.run(TestMethodWorker.java:112)
	at org.testng.TestRunner.privateRun(TestRunner.java:782)
	at org.testng.TestRunner.run(TestRunner.java:632)
	at org.testng.SuiteRunner.runTest(SuiteRunner.java:366)
	at org.testng.SuiteRunner.access$000(SuiteRunner.java:39)
	at org.testng.SuiteRunner$SuiteWorker.run(SuiteRunner.java:400)
	at org.testng.internal.thread.ThreadUtil$2.call(ThreadUtil.java:64)
	at java.util.concurrent.FutureTask.run(Unknown Source)
	at java.util.concurrent.ThreadPoolExecutor.runWorker(Unknown Source)
	at java.util.concurrent.ThreadPoolExecutor$Worker.run(Unknown Source)
	at java.lang.Thread.run(Unknown Source)
]]>
            </full-stacktrace>
          </exception> <!-- java.lang.Throwable -->
          <reporter-output>
          </reporter-output>
        </test-method> <!-- Withdraw -->
        <test-method status="SKIP" signature="Reactivate()[pri:13, instance:shakeDown_US_main.Shakedown_CreateReq_AddResp_Test@2acf57e3]" name="Reactivate" duration-ms="0" started-at="2021-02-17T17:50:14Z" depends-on-methods="shakeDown_US_main.Shakedown_CreateReq_AddResp_Test.Withdraw" finished-at="2021-02-17T17:50:14Z">
          <exception class="java.lang.Throwable">
            <message>
              <![CDATA[Method Shakedown_CreateReq_AddResp_Test.Reactivate()[pri:13, instance:shakeDown_US_main.Shakedown_CreateReq_AddResp_Test@2acf57e3] depends on not successfully finished methods]]>
            </message>
            <full-stacktrace>
              <![CDATA[java.lang.Throwable: Method Shakedown_CreateReq_AddResp_Test.Reactivate()[pri:13, instance:shakeDown_US_main.Shakedown_CreateReq_AddResp_Test@2acf57e3] depends on not successfully finished methods
	at org.testng.internal.Invoker.invokeTestMethods(Invoker.java:1037)
	at org.testng.internal.TestMethodWorker.invokeTestMethods(TestMethodWorker.java:129)
	at org.testng.internal.TestMethodWorker.run(TestMethodWorker.java:112)
	at org.testng.TestRunner.privateRun(TestRunner.java:782)
	at org.testng.TestRunner.run(TestRunner.java:632)
	at org.testng.SuiteRunner.runTest(SuiteRunner.java:366)
	at org.testng.SuiteRunner.access$000(SuiteRunner.java:39)
	at org.testng.SuiteRunner$SuiteWorker.run(SuiteRunner.java:400)
	at org.testng.internal.thread.ThreadUtil$2.call(ThreadUtil.java:64)
	at java.util.concurrent.FutureTask.run(Unknown Source)
	at java.util.concurrent.ThreadPoolExecutor.runWorker(Unknown Source)
	at java.util.concurrent.ThreadPoolExecutor$Worker.run(Unknown Source)
	at java.lang.Thread.run(Unknown Source)
]]>
            </full-stacktrace>
          </exception> <!-- java.lang.Throwable -->
          <reporter-output>
          </reporter-output>
        </test-method> <!-- Reactivate -->
        <test-method status="SKIP" signature="Resubmit()[pri:14, instance:shakeDown_US_main.Shakedown_CreateReq_AddResp_Test@2acf57e3]" name="Resubmit" duration-ms="0" started-at="2021-02-17T17:50:14Z" depends-on-methods="shakeDown_US_main.Shakedown_CreateReq_AddResp_Test.Reactivate" finished-at="2021-02-17T17:50:14Z">
          <exception class="java.lang.Throwable">
            <message>
              <![CDATA[Method Shakedown_CreateReq_AddResp_Test.Resubmit()[pri:14, instance:shakeDown_US_main.Shakedown_CreateReq_AddResp_Test@2acf57e3] depends on not successfully finished methods]]>
            </message>
            <full-stacktrace>
              <![CDATA[java.lang.Throwable: Method Shakedown_CreateReq_AddResp_Test.Resubmit()[pri:14, instance:shakeDown_US_main.Shakedown_CreateReq_AddResp_Test@2acf57e3] depends on not successfully finished methods
	at org.testng.internal.Invoker.invokeTestMethods(Invoker.java:1037)
	at org.testng.internal.TestMethodWorker.invokeTestMethods(TestMethodWorker.java:129)
	at org.testng.internal.TestMethodWorker.run(TestMethodWorker.java:112)
	at org.testng.TestRunner.privateRun(TestRunner.java:782)
	at org.testng.TestRunner.run(TestRunner.java:632)
	at org.testng.SuiteRunner.runTest(SuiteRunner.java:366)
	at org.testng.SuiteRunner.access$000(SuiteRunner.java:39)
	at org.testng.SuiteRunner$SuiteWorker.run(SuiteRunner.java:400)
	at org.testng.internal.thread.ThreadUtil$2.call(ThreadUtil.java:64)
	at java.util.concurrent.FutureTask.run(Unknown Source)
	at java.util.concurrent.ThreadPoolExecutor.runWorker(Unknown Source)
	at java.util.concurrent.ThreadPoolExecutor$Worker.run(Unknown Source)
	at java.lang.Thread.run(Unknown Source)
]]>
            </full-stacktrace>
          </exception> <!-- java.lang.Throwable -->
          <reporter-output>
          </reporter-output>
        </test-method> <!-- Resubmit -->
      </class> <!-- shakeDown_US_main.Shakedown_CreateReq_AddResp_Test -->
    </test> <!-- ShakeDownTest -->
  </suite> <!-- ShakeDownSuite -->
</testng-results>
